<?xml version="1.0" encoding="UTF-8"?>
<!-- Generated by org.testng.reporters.JUnitReportReporter -->
<testsuite hostname="DESKTOP-LG9UCNK" failures="0" tests="3" name="MagentoCases.MytestCases" time="20.098" errors="0" timestamp="2023-12-04T19:29:18 EET" skipped="0">
  <testcase classname="MagentoCases.MytestCases" name="SignUp" time="7.673"/>
  <system-out/>
  <testcase classname="MagentoCases.MytestCases" name="LogOut" time="8.524"/>
  <system-out/>
  <testcase classname="MagentoCases.MytestCases" name="LoginTest" time="3.901"/>
  <system-out/>
</testsuite> <!-- MagentoCases.MytestCases -->
