<?xml version="1.0" encoding="UTF-8"?>
<!-- Generated by org.testng.reporters.JUnitReportReporter -->
<testsuite hostname="DESKTOP-LG9UCNK" failures="0" tests="3" name="MagentoCases.MytestCases" time="10.039" errors="0" timestamp="2023-12-04T18:41:10 EET" skipped="2">
  <testcase classname="MagentoCases.MytestCases" name="SignUp" time="10.039"/>
  <system-out/>
  <testcase classname="MagentoCases.MytestCases" name="LoginTest">
    <skipped/>
  </testcase> <!-- LoginTest -->
  <system-out/>
  <testcase classname="MagentoCases.MytestCases" name="LogOut">
    <skipped/>
  </testcase> <!-- LogOut -->
  <system-out/>
</testsuite> <!-- MagentoCases.MytestCases -->
