<?xml version="1.0" encoding="UTF-8"?>
<!-- Generated by org.testng.reporters.JUnitReportReporter -->
<testsuite hostname="DESKTOP-LG9UCNK" failures="0" tests="3" name="MagentoCases.MytestCases" time="24.816" errors="0" timestamp="2023-12-04T19:55:13 EET" skipped="0">
  <testcase classname="MagentoCases.MytestCases" name="SignUp" time="10.336"/>
  <system-out/>
  <testcase classname="MagentoCases.MytestCases" name="LogOut" time="9.315"/>
  <system-out/>
  <testcase classname="MagentoCases.MytestCases" name="LoginTest" time="5.165"/>
  <system-out/>
</testsuite> <!-- MagentoCases.MytestCases -->
